#
# There is insufficient memory for the Java Runtime Environment to continue.
# Native memory allocation (mmap) failed to map 266338304 bytes for G1 virtual space
# Possible reasons:
#   The system is out of physical RAM or swap space
#   The process is running with CompressedOops enabled, and the Java Heap may be blocking the growth of the native heap
# Possible solutions:
#   Reduce memory load on the system
#   Increase physical memory or swap space
#   Check if swap backing store is full
#   Decrease Java heap size (-Xmx/-Xms)
#   Decrease number of Java threads
#   Decrease Java thread stack sizes (-Xss)
#   Set larger code cache with -XX:ReservedCodeCacheSize=
#   JVM is running with Zero Based Compressed Oops mode in which the Java heap is
#     placed in the first 32GB address space. The Java Heap base address is the
#     maximum limit for the native heap growth. Please use -XX:HeapBaseMinAddress
#     to set the Java Heap base and to place the Java Heap above 32GB virtual address.
# This output file may be truncated or incomplete.
#
#  Out of Memory Error (os_windows.cpp:3829), pid=23388, tid=20352
#
# JRE version:  (17.0.8) (build )
# Java VM: OpenJDK 64-Bit Server VM (17.0.8+0--10799086, mixed mode, sharing, tiered, compressed oops, compressed class ptrs, g1 gc, windows-amd64)
# No core dump will be written. Minidumps are not enabled by default on client versions of Windows
#

---------------  S U M M A R Y ------------

Command Line: org.jetbrains.kotlin.cli.jvm.K2JVMCompiler @D:\src\TipCalculator\app\build\20231019_15130861715024635839.compiler.options

Host: Intel(R) Core(TM) i7-10750H CPU @ 2.60GHz, 12 cores, 15G,  Windows 11 , 64 bit Build 22621 (10.0.22621.2483)
Time: Thu Oct 19 23:03:08 2023 SE Asia Standard Time elapsed time: 0.012781 seconds (0d 0h 0m 0s)

---------------  T H R E A D  ---------------

Current thread (0x000001e93b2829c0):  JavaThread "Unknown thread" [_thread_in_vm, id=20352, stack(0x0000009ac1800000,0x0000009ac1900000)]

Stack: [0x0000009ac1800000,0x0000009ac1900000]
Native frames: (J=compiled Java code, j=interpreted, Vv=VM code, C=native code)
V  [jvm.dll+0x6852da]
V  [jvm.dll+0x844c84]
V  [jvm.dll+0x84659e]
V  [jvm.dll+0x846c03]
V  [jvm.dll+0x24b7cf]
V  [jvm.dll+0x682049]
V  [jvm.dll+0x67671a]
V  [jvm.dll+0x30be2b]
V  [jvm.dll+0x3132d6]
V  [jvm.dll+0x36302e]
V  [jvm.dll+0x36325f]
V  [jvm.dll+0x2e1f48]
V  [jvm.dll+0x2e2eb4]
V  [jvm.dll+0x815c11]
V  [jvm.dll+0x370df1]
V  [jvm.dll+0x7f4fdc]
V  [jvm.dll+0x3f3f1f]
V  [jvm.dll+0x3f5b31]
C  [jli.dll+0x528f]
C  [ucrtbase.dll+0x29363]
C  [KERNEL32.DLL+0x1257d]
C  [ntdll.dll+0x5aa78]


---------------  P R O C E S S  ---------------

Threads class SMR info:
_java_thread_list=0x00007ffe1e1a0098, length=0, elements={
}

Java Threads: ( => current thread )

Other Threads:
  0x000001e93b2f1aa0 GCTaskThread "GC Thread#0" [stack: 0x0000009ac1900000,0x0000009ac1a00000] [id=15876]
  0x000001e93b302730 ConcurrentGCThread "G1 Main Marker" [stack: 0x0000009ac1a00000,0x0000009ac1b00000] [id=13820]
  0x000001e93b3038e0 ConcurrentGCThread "G1 Conc#0" [stack: 0x0000009ac1b00000,0x0000009ac1c00000] [id=15620]

[error occurred during error reporting (printing all threads), id 0xc0000005, EXCEPTION_ACCESS_VIOLATION (0xc0000005) at pc=0x00007ffe1d952ab7]

VM state: not at safepoint (not fully initialized)

VM Mutex/Monitor currently owned by a thread:  ([mutex/lock_event])
[0x000001e93b27ef00] Heap_lock - owner thread: 0x000001e93b2829c0

Heap address: 0x0000000702c00000, size: 4052 MB, Compressed Oops mode: Zero based, Oop shift amount: 3

CDS archive(s) mapped at: [0x0000000000000000-0x0000000000000000-0x0000000000000000), size 0, SharedBaseAddress: 0x0000000800000000, ArchiveRelocationMode: 1.
Narrow klass base: 0x0000000000000000, Narrow klass shift: 0, Narrow klass range: 0x0

GC Precious Log:
<Empty>

Heap:
 garbage-first heap   total 0K, used 0K [0x0000000702c00000, 0x0000000800000000)
  region size 2048K, 0 young (0K), 0 survivors (0K)
 Metaspace       used 0K, committed 0K, reserved 0K
  class space    used 0K, committed 0K, reserved 0K

Heap Regions: E=young(eden), S=young(survivor), O=old, HS=humongous(starts), HC=humongous(continues), CS=collection set, F=free, OA=open archive, CA=closed archive, TAMS=top-at-mark-start (previous, next)

Card table byte_map: [0x000001e94e490000,0x000001e94ec80000] _byte_map_base: 0x000001e94ac7a000

Marking Bits (Prev, Next): (CMBitMap*) 0x000001e93b2f20c0, (CMBitMap*) 0x000001e93b2f2100
 Prev Bits: [0x000001e94f470000, 0x000001e9533c0000)
 Next Bits: [0x000001e9533c0000, 0x000001e957310000)

GC Heap History (0 events):
No events

Dll operation events (1 events):
Event: 0.008 Loaded shared library D:\Temp\android-studio\jbr\bin\java.dll

Deoptimization events (0 events):
No events

Classes unloaded (0 events):
No events

Classes redefined (0 events):
No events

Internal exceptions (0 events):
No events

VM Operations (0 events):
No events

Events (0 events):
No events


Dynamic libraries:
0x00007ff6f5af0000 - 0x00007ff6f5afa000 	D:\Temp\android-studio\jbr\bin\java.exe
0x00007ffe72d10000 - 0x00007ffe72f27000 	C:\WINDOWS\SYSTEM32\ntdll.dll
0x00007ffe716d0000 - 0x00007ffe71794000 	C:\WINDOWS\System32\KERNEL32.DLL
0x00007ffe70690000 - 0x00007ffe70a37000 	C:\WINDOWS\System32\KERNELBASE.dll
0x00007ffe70450000 - 0x00007ffe70561000 	C:\WINDOWS\System32\ucrtbase.dll
0x00007ffe59d20000 - 0x00007ffe59d37000 	D:\Temp\android-studio\jbr\bin\jli.dll
0x00007ffe57420000 - 0x00007ffe5743b000 	D:\Temp\android-studio\jbr\bin\VCRUNTIME140.dll
0x00007ffe71f20000 - 0x00007ffe720ce000 	C:\WINDOWS\System32\USER32.dll
0x00007ffe70420000 - 0x00007ffe70446000 	C:\WINDOWS\System32\win32u.dll
0x00007ffe61c90000 - 0x00007ffe61f23000 	C:\WINDOWS\WinSxS\amd64_microsoft.windows.common-controls_6595b64144ccf1df_6.0.22621.2483_none_2714a1b573815e84\COMCTL32.dll
0x00007ffe70e40000 - 0x00007ffe70e69000 	C:\WINDOWS\System32\GDI32.dll
0x00007ffe70c90000 - 0x00007ffe70d37000 	C:\WINDOWS\System32\msvcrt.dll
0x00007ffe70570000 - 0x00007ffe70688000 	C:\WINDOWS\System32\gdi32full.dll
0x00007ffe700e0000 - 0x00007ffe7017a000 	C:\WINDOWS\System32\msvcp_win.dll
0x00007ffe70b00000 - 0x00007ffe70b31000 	C:\WINDOWS\System32\IMM32.DLL
0x00007ffe59c30000 - 0x00007ffe59c3c000 	D:\Temp\android-studio\jbr\bin\vcruntime140_1.dll
0x00007ffe39070000 - 0x00007ffe390fd000 	D:\Temp\android-studio\jbr\bin\msvcp140.dll
0x00007ffe1d660000 - 0x00007ffe1e2e3000 	D:\Temp\android-studio\jbr\bin\server\jvm.dll
0x00007ffe72980000 - 0x00007ffe72a30000 	C:\WINDOWS\System32\ADVAPI32.dll
0x00007ffe70a40000 - 0x00007ffe70ae6000 	C:\WINDOWS\System32\sechost.dll
0x00007ffe720e0000 - 0x00007ffe721f7000 	C:\WINDOWS\System32\RPCRT4.dll
0x00007ffe6eef0000 - 0x00007ffe6ef3d000 	C:\WINDOWS\SYSTEM32\POWRPROF.dll
0x00007ffe66800000 - 0x00007ffe66834000 	C:\WINDOWS\SYSTEM32\WINMM.dll
0x00007ffe6c090000 - 0x00007ffe6c099000 	C:\WINDOWS\SYSTEM32\WSOCK32.dll
0x00007ffe68dd0000 - 0x00007ffe68dda000 	C:\WINDOWS\SYSTEM32\VERSION.dll
0x00007ffe72a30000 - 0x00007ffe72aa1000 	C:\WINDOWS\System32\WS2_32.dll
0x00007ffe6eed0000 - 0x00007ffe6eee3000 	C:\WINDOWS\SYSTEM32\UMPDC.dll
0x00007ffe6f130000 - 0x00007ffe6f148000 	C:\WINDOWS\SYSTEM32\kernel.appcore.dll
0x00007ffe6cd10000 - 0x00007ffe6cd1a000 	D:\Temp\android-studio\jbr\bin\jimage.dll
0x00007ffe63880000 - 0x00007ffe63aae000 	C:\WINDOWS\SYSTEM32\DBGHELP.DLL
0x00007ffe71ad0000 - 0x00007ffe71e5a000 	C:\WINDOWS\System32\combase.dll
0x00007ffe70bb0000 - 0x00007ffe70c87000 	C:\WINDOWS\System32\OLEAUT32.dll
0x00007ffe34990000 - 0x00007ffe349c2000 	C:\WINDOWS\SYSTEM32\dbgcore.DLL
0x00007ffe70060000 - 0x00007ffe700da000 	C:\WINDOWS\System32\bcryptPrimitives.dll
0x00007ffe6cce0000 - 0x00007ffe6cd05000 	D:\Temp\android-studio\jbr\bin\java.dll

dbghelp: loaded successfully - version: 4.0.5 - missing functions: none
symbol engine: initialized successfully - sym options: 0x614 - pdb path: .;D:\Temp\android-studio\jbr\bin;C:\WINDOWS\SYSTEM32;C:\WINDOWS\WinSxS\amd64_microsoft.windows.common-controls_6595b64144ccf1df_6.0.22621.2483_none_2714a1b573815e84;D:\Temp\android-studio\jbr\bin\server

VM Arguments:
java_command: org.jetbrains.kotlin.cli.jvm.K2JVMCompiler @D:\src\TipCalculator\app\build\20231019_15130861715024635839.compiler.options
java_class_path (initial): C:\Users\Stardust\.gradle\caches\modules-2\files-2.1\org.jetbrains.kotlin\kotlin-compiler-embeddable\1.9.0\2c8c3a7402becca891f12739b3e9fd2dc2adbd7a\kotlin-compiler-embeddable-1.9.0.jar;C:\Users\Stardust\.gradle\caches\modules-2\files-2.1\org.jetbrains.kotlin\kotlin-stdlib\1.9.0\8ee15ef0c67dc83d874f412d84378d7f0eb50b63\kotlin-stdlib-1.9.0.jar;C:\Users\Stardust\.gradle\caches\modules-2\files-2.1\org.jetbrains.kotlin\kotlin-script-runtime\1.9.0\4b3102cbbb7e1b58d9d1adf89563f00069ffa7d1\kotlin-script-runtime-1.9.0.jar;C:\Users\Stardust\.gradle\caches\modules-2\files-2.1\org.jetbrains.kotlin\kotlin-reflect\1.6.10\1cbe9c92c12a94eea200d23c2bbaedaf3daf5132\kotlin-reflect-1.6.10.jar;C:\Users\Stardust\.gradle\caches\modules-2\files-2.1\org.jetbrains.kotlin\kotlin-daemon-embeddable\1.9.0\186543f5e28cf8d9a0290fecc2cf34301c40a65c\kotlin-daemon-embeddable-1.9.0.jar;C:\Users\Stardust\.gradle\caches\modules-2\files-2.1\org.jetbrains.intellij.deps\trove4j\1.0.20200330\3afb14d5f9ceb459d724e907a21145e8ff394f02\trove4j-1.0.20200330.jar;C:\Users\Stardust\.gradle\caches\modules-2\files-2.1\org.jetbrains.kotlin\kotlin-stdlib-common\1.9.0\cd65c21cfd1eec4d44ef09f9f52b6d9f8a720636\kotlin-stdlib-common-1.9.0.jar;C:\Users\Stardust\.gradle\caches\modules-2\files-2.1\org.jetbrains\annotations\13.0\919f0dfe192fb4e063e7dacadee7f8bb9a2672a9\annotations-13.0.jar
Launcher Type: SUN_STANDARD

[Global flags]
     intx CICompilerCount                          = 4                                         {product} {ergonomic}
     uint ConcGCThreads                            = 3                                         {product} {ergonomic}
     uint G1ConcRefinementThreads                  = 10                                        {product} {ergonomic}
   size_t G1HeapRegionSize                         = 2097152                                   {product} {ergonomic}
    uintx GCDrainStackTargetSize                   = 64                                        {product} {ergonomic}
   size_t InitialHeapSize                          = 266338304                                 {product} {ergonomic}
   size_t MarkStackSize                            = 4194304                                   {product} {ergonomic}
   size_t MaxHeapSize                              = 4248829952                                {product} {ergonomic}
   size_t MinHeapDeltaBytes                        = 2097152                                   {product} {ergonomic}
   size_t MinHeapSize                              = 8388608                                   {product} {ergonomic}
    uintx NonNMethodCodeHeapSize                   = 5839372                                {pd product} {ergonomic}
    uintx NonProfiledCodeHeapSize                  = 122909434                              {pd product} {ergonomic}
    uintx ProfiledCodeHeapSize                     = 122909434                              {pd product} {ergonomic}
    uintx ReservedCodeCacheSize                    = 251658240                              {pd product} {ergonomic}
     bool SegmentedCodeCache                       = true                                      {product} {ergonomic}
   size_t SoftMaxHeapSize                          = 4248829952                             {manageable} {ergonomic}
     bool UseCompressedClassPointers               = true                           {product lp64_product} {ergonomic}
     bool UseCompressedOops                        = true                           {product lp64_product} {ergonomic}
     bool UseG1GC                                  = true                                      {product} {ergonomic}
     bool UseLargePagesIndividualAllocation        = false                                  {pd product} {ergonomic}

Logging:
Log output configuration:
 #0: stdout all=warning uptime,level,tags
 #1: stderr all=off uptime,level,tags

Environment Variables:
JAVA_HOME=C:\Program Files\OpenJDK\jdk-20.0.1
PATH=C:\Users\Stardust\AppData\Local\Programs\Python\Python311\Scripts\;C:\Users\Stardust\AppData\Local\Programs\Python\Python311\;C:\Program Files\Common Files\Oracle\Java\javapath;C:\Program Files (x86)\Common Files\Oracle\Java\javapath;C:\WINDOWS\system32;C:\WINDOWS;C:\WINDOWS\System32\Wbem;C:\WINDOWS\System32\WindowsPowerShell\v1.0\;C:\WINDOWS\System32\OpenSSH\;C:\Program Files (x86)\NVIDIA Corporation\PhysX\Common;C:\Program Files\NVIDIA Corporation\NVIDIA NvDLISR;C:\ProgramData\chocolatey\bin;C:\Program Files\dotnet\;C:\Program Files\Git\cmd;;C:\Program Files\Microsoft VS Code\bin;C:\Program Files\nodejs\;C:\Program Files\OpenJDK\jdk-20.0.1\bin;C:\Users\Stardust\AppData\Local\Programs\Python\Python311\Scripts\;C:\Users\Stardust\AppData\Local\Programs\Python\Python311\;C:\Users\Stardust\AppData\Local\Microsoft\WindowsApps;C:\Program Files\JetBrains\IntelliJ IDEA 2022.3.3\bin;C:\Program Files\Azure Data Studio\bin;C:\Users\Stardust\AppData\Local\gitkraken\bin;C:\Users\Stardust\AppData\Local\Programs\Microsoft VS Code\bin;C:\Users\Stardust\AppData\Local\spicetify;C:\Users\Stardust\AppData\Local\Programs\Microsoft VS Code Insiders\bin;C:\Users\Stardust\AppData\Roaming\npm
USERNAME=Stardust
OS=Windows_NT
PROCESSOR_IDENTIFIER=Intel64 Family 6 Model 165 Stepping 2, GenuineIntel
TMP=C:\Users\Stardust\AppData\Local\Temp
TEMP=C:\Users\Stardust\AppData\Local\Temp


JNI global refs:
JNI global refs: 0, weak refs: 0

JNI global refs memory usage: 0, weak refs: 0

OOME stack traces (most recent first):
Classloader memory used:


---------------  S Y S T E M  ---------------

OS:
 Windows 11 , 64 bit Build 22621 (10.0.22621.2483)
OS uptime: 0 days 9:32 hours

CPU: total 12 (initial active 12) (6 cores per cpu, 2 threads per core) family 6 model 165 stepping 2 microcode 0xe2, cx8, cmov, fxsr, ht, mmx, 3dnowpref, sse, sse2, sse3, ssse3, sse4.1, sse4.2, popcnt, lzcnt, tsc, tscinvbit, avx, avx2, aes, erms, clmul, bmi1, bmi2, adx, fma, vzeroupper, clflush, clflushopt
Processor Information for all 12 processors :
  Max Mhz: 2592, Current Mhz: 2592, Mhz Limit: 2592

Memory: 4k page, system-wide physical 16204M (340M free)
TotalPageFile size 21204M (AvailPageFile size 82M)
current process WorkingSet (physical memory assigned to process): 11M, peak: 11M
current process commit charge ("private bytes"): 64M, peak: 318M

vm_info: OpenJDK 64-Bit Server VM (17.0.8+0--10799086) for windows-amd64 JRE (17.0.8+0--10799086), built on Sep 13 2023 00:06:58 by "androidbuild" with MS VC++ 16.10 / 16.11 (VS2019)

END.
